<?xml version="1.0" encoding="UTF-8"?>
<!-- Generated by org.testng.reporters.JUnitXMLReporter -->
<testsuite ignored="8" hostname="DESKTOP-16O7D5M" failures="0" tests="2" name="Test" time="0.075" errors="0" timestamp="2022-08-17T16:37:26 IST">
  <testcase classname="practicepackage2.man2" name="sh3" time="0.007"/>
  <testcase classname="practicepackage2.man1" name="ma3" time="0.002"/>
  <testcase classname="practicepackage2.man1" name="ma2" time="0.0">
    <ignored/>
  </testcase> <!-- ma2 -->
  <testcase classname="practicepackage2.man2" name="sh" time="0.0">
    <ignored/>
  </testcase> <!-- sh -->
  <testcase classname="practicepackage2.man1" name="ma" time="0.0">
    <ignored/>
  </testcase> <!-- ma -->
  <testcase classname="genericutility.BaseClass" name="@AfterSuite CloseDB" time="0.0">
    <ignored/>
  </testcase> <!-- @AfterSuite CloseDB -->
  <testcase classname="practicepackage2.man2" name="sh2" time="0.0">
    <ignored/>
  </testcase> <!-- sh2 -->
  <testcase classname="practicepackage2.man2" name="sh1" time="0.0">
    <ignored/>
  </testcase> <!-- sh1 -->
  <testcase classname="practicepackage2.man1" name="ma1" time="0.0">
    <ignored/>
  </testcase> <!-- ma1 -->
  <testcase classname="genericutility.BaseClass" name="@BeforeSuite DB" time="0.0">
    <ignored/>
  </testcase> <!-- @BeforeSuite DB -->
</testsuite> <!-- Test -->
