<?xml version="1.0" encoding="UTF-8"?>
<!-- Generated by org.testng.reporters.JUnitXMLReporter -->
<testsuite ignored="0" hostname="DESKTOP-16O7D5M" failures="0" tests="4" name="Default test" time="0.089" errors="0" timestamp="2022-08-17T16:25:15 IST">
  <testcase classname="practicepackage2.man2" name="sh" time="0.009"/>
  <testcase classname="practicepackage2.man2" name="sh1" time="0.002"/>
  <testcase classname="practicepackage2.man2" name="sh2" time="0.006"/>
  <testcase classname="practicepackage2.man2" name="sh3" time="0.002"/>
</testsuite> <!-- Default test -->
