<?xml version="1.0" encoding="UTF-8"?>
<testng-results ignored="8" total="10" passed="2" failed="0" skipped="0">
  <reporter-output>
  </reporter-output>
  <suite started-at="2022-08-17T16:43:15 IST" name="regSuite" finished-at="2022-08-17T16:43:15 IST" duration-ms="71">
    <groups>
      <group name="regression">
        <method signature="man2.sh1()[pri:0, instance:practicepackage2.man2@56cdfb3b]" name="sh1" class="practicepackage2.man2"/>
      </group> <!-- regression -->
      <group name="smoke">
        <method signature="man1.ma1()[pri:0, instance:practicepackage2.man1@3f6b0be5]" name="ma1" class="practicepackage2.man1"/>
      </group> <!-- smoke -->
    </groups>
    <test started-at="2022-08-17T16:43:15 IST" name="Test" finished-at="2022-08-17T16:43:15 IST" duration-ms="71">
      <class name="practicepackage2.man2">
        <test-method is-config="true" signature="DB()[pri:0, instance:practicepackage2.man2@56cdfb3b]" started-at="2022-08-17T16:43:15 IST" name="DB" finished-at="2022-08-17T16:43:15 IST" duration-ms="11" status="PASS">
          <reporter-output>
          </reporter-output>
        </test-method> <!-- DB -->
        <test-method is-config="true" signature="Brouser()[pri:0, instance:practicepackage2.man2@56cdfb3b]" started-at="2022-08-17T16:43:15 IST" name="Brouser" finished-at="2022-08-17T16:43:15 IST" duration-ms="1" status="PASS">
          <reporter-output>
          </reporter-output>
        </test-method> <!-- Brouser -->
        <test-method is-config="true" signature="Login()[pri:0, instance:practicepackage2.man2@56cdfb3b]" started-at="2022-08-17T16:43:15 IST" name="Login" finished-at="2022-08-17T16:43:15 IST" duration-ms="1" status="PASS">
          <reporter-output>
          </reporter-output>
        </test-method> <!-- Login -->
        <test-method signature="sh1()[pri:0, instance:practicepackage2.man2@56cdfb3b]" started-at="2022-08-17T16:43:15 IST" name="sh1" finished-at="2022-08-17T16:43:15 IST" duration-ms="7" status="PASS">
          <reporter-output>
          </reporter-output>
        </test-method> <!-- sh1 -->
        <test-method is-config="true" signature="LoginOut()[pri:0, instance:practicepackage2.man2@56cdfb3b]" started-at="2022-08-17T16:43:15 IST" name="LoginOut" finished-at="2022-08-17T16:43:15 IST" duration-ms="1" status="PASS">
          <reporter-output>
          </reporter-output>
        </test-method> <!-- LoginOut -->
        <test-method is-config="true" signature="CloseBrouser()[pri:0, instance:practicepackage2.man2@56cdfb3b]" started-at="2022-08-17T16:43:15 IST" name="CloseBrouser" finished-at="2022-08-17T16:43:15 IST" duration-ms="1" status="PASS">
          <reporter-output>
          </reporter-output>
        </test-method> <!-- CloseBrouser -->
        <test-method is-config="true" signature="CloseDB()[pri:0, instance:practicepackage2.man2@56cdfb3b]" started-at="2022-08-17T16:43:15 IST" name="CloseDB" finished-at="2022-08-17T16:43:15 IST" duration-ms="0" status="PASS">
          <reporter-output>
          </reporter-output>
        </test-method> <!-- CloseDB -->
      </class> <!-- practicepackage2.man2 -->
      <class name="practicepackage2.man1">
        <test-method is-config="true" signature="Brouser()[pri:0, instance:practicepackage2.man1@3f6b0be5]" started-at="2022-08-17T16:43:15 IST" name="Brouser" finished-at="2022-08-17T16:43:15 IST" duration-ms="1" status="PASS">
          <reporter-output>
          </reporter-output>
        </test-method> <!-- Brouser -->
        <test-method is-config="true" signature="Login()[pri:0, instance:practicepackage2.man1@3f6b0be5]" started-at="2022-08-17T16:43:15 IST" name="Login" finished-at="2022-08-17T16:43:15 IST" duration-ms="1" status="PASS">
          <reporter-output>
          </reporter-output>
        </test-method> <!-- Login -->
        <test-method signature="ma1()[pri:0, instance:practicepackage2.man1@3f6b0be5]" started-at="2022-08-17T16:43:15 IST" name="ma1" finished-at="2022-08-17T16:43:15 IST" duration-ms="3" status="PASS">
          <reporter-output>
          </reporter-output>
        </test-method> <!-- ma1 -->
        <test-method is-config="true" signature="LoginOut()[pri:0, instance:practicepackage2.man1@3f6b0be5]" started-at="2022-08-17T16:43:15 IST" name="LoginOut" finished-at="2022-08-17T16:43:15 IST" duration-ms="1" status="PASS">
          <reporter-output>
          </reporter-output>
        </test-method> <!-- LoginOut -->
        <test-method is-config="true" signature="CloseBrouser()[pri:0, instance:practicepackage2.man1@3f6b0be5]" started-at="2022-08-17T16:43:15 IST" name="CloseBrouser" finished-at="2022-08-17T16:43:15 IST" duration-ms="1" status="PASS">
          <reporter-output>
          </reporter-output>
        </test-method> <!-- CloseBrouser -->
      </class> <!-- practicepackage2.man1 -->
    </test> <!-- Test -->
  </suite> <!-- regSuite -->
</testng-results>
